<?xml version="1.0" encoding="UTF-8"?>
<!-- Generated by org.testng.reporters.JUnitXMLReporter -->
<testsuite hostname="Andha13" name="Surefire test" tests="33" failures="0" timestamp="12 Dec 2018 13:52:53 GMT" time="0.455" errors="0">
  <testcase name="testInverseNegativeNumbers on testInverseNegativeNumbers(calculator_AndersHansson.calculator_AndersHansson.TestOfAdvancedOperations)" time="0.044" classname="calculator_AndersHansson.calculator_AndersHansson.TestOfAdvancedOperations"/>
  <testcase name="testSinZerosNumbers on testSinZerosNumbers(calculator_AndersHansson.calculator_AndersHansson.TestOfAdvancedOperations)" time="0.022" classname="calculator_AndersHansson.calculator_AndersHansson.TestOfAdvancedOperations"/>
  <testcase name="testSqurtPositiveNumbers on testSqurtPositiveNumbers(calculator_AndersHansson.calculator_AndersHansson.TestOfAdvancedOperations)" time="0.018" classname="calculator_AndersHansson.calculator_AndersHansson.TestOfAdvancedOperations"/>
  <testcase name="testModelusPositiveNumbers on testModelusPositiveNumbers(calculator_AndersHansson.calculator_AndersHansson.TestOfAdvancedOperations)" time="0.015" classname="calculator_AndersHansson.calculator_AndersHansson.TestOfAdvancedOperations"/>
  <testcase name="testSqurtNegativeNumbers on testSqurtNegativeNumbers(calculator_AndersHansson.calculator_AndersHansson.TestOfAdvancedOperations)" time="0.01" classname="calculator_AndersHansson.calculator_AndersHansson.TestOfAdvancedOperations"/>
  <testcase name="testModelusNegativeNumbers on testModelusNegativeNumbers(calculator_AndersHansson.calculator_AndersHansson.TestOfAdvancedOperations)" time="0.015" classname="calculator_AndersHansson.calculator_AndersHansson.TestOfAdvancedOperations"/>
  <testcase name="testPowerZerosNumbers on testPowerZerosNumbers(calculator_AndersHansson.calculator_AndersHansson.TestOfAdvancedOperations)" time="0.032" classname="calculator_AndersHansson.calculator_AndersHansson.TestOfAdvancedOperations"/>
  <testcase name="testTanZerosNumbers on testTanZerosNumbers(calculator_AndersHansson.calculator_AndersHansson.TestOfAdvancedOperations)" time="0.01" classname="calculator_AndersHansson.calculator_AndersHansson.TestOfAdvancedOperations"/>
  <testcase name="testCosZerosNumbers on testCosZerosNumbers(calculator_AndersHansson.calculator_AndersHansson.TestOfAdvancedOperations)" time="0.008" classname="calculator_AndersHansson.calculator_AndersHansson.TestOfAdvancedOperations"/>
  <testcase name="testPowerPositiveNumbers on testPowerPositiveNumbers(calculator_AndersHansson.calculator_AndersHansson.TestOfAdvancedOperations)" time="0.009" classname="calculator_AndersHansson.calculator_AndersHansson.TestOfAdvancedOperations"/>
  <testcase name="testPowerNegativeNumbers on testPowerNegativeNumbers(calculator_AndersHansson.calculator_AndersHansson.TestOfAdvancedOperations)" time="0.008" classname="calculator_AndersHansson.calculator_AndersHansson.TestOfAdvancedOperations"/>
  <testcase name="testSqurtZerosNumbers on testSqurtZerosNumbers(calculator_AndersHansson.calculator_AndersHansson.TestOfAdvancedOperations)" time="0.007" classname="calculator_AndersHansson.calculator_AndersHansson.TestOfAdvancedOperations"/>
  <testcase name="testSinPositiveNumbers on testSinPositiveNumbers(calculator_AndersHansson.calculator_AndersHansson.TestOfAdvancedOperations)" time="0.007" classname="calculator_AndersHansson.calculator_AndersHansson.TestOfAdvancedOperations"/>
  <testcase name="testCosPositiveNumbers on testCosPositiveNumbers(calculator_AndersHansson.calculator_AndersHansson.TestOfAdvancedOperations)" time="0.007" classname="calculator_AndersHansson.calculator_AndersHansson.TestOfAdvancedOperations"/>
  <testcase name="testSinNegativeNumbers on testSinNegativeNumbers(calculator_AndersHansson.calculator_AndersHansson.TestOfAdvancedOperations)" time="0.008" classname="calculator_AndersHansson.calculator_AndersHansson.TestOfAdvancedOperations"/>
  <testcase name="testCosNegativeNumbers on testCosNegativeNumbers(calculator_AndersHansson.calculator_AndersHansson.TestOfAdvancedOperations)" time="0.006" classname="calculator_AndersHansson.calculator_AndersHansson.TestOfAdvancedOperations"/>
  <testcase name="testInverseZerosNumbers on testInverseZerosNumbers(calculator_AndersHansson.calculator_AndersHansson.TestOfAdvancedOperations)" time="0.006" classname="calculator_AndersHansson.calculator_AndersHansson.TestOfAdvancedOperations"/>
  <testcase name="testModelusZerosNumbers on testModelusZerosNumbers(calculator_AndersHansson.calculator_AndersHansson.TestOfAdvancedOperations)" time="0.013" classname="calculator_AndersHansson.calculator_AndersHansson.TestOfAdvancedOperations"/>
  <testcase name="testTanPositiveNumbers on testTanPositiveNumbers(calculator_AndersHansson.calculator_AndersHansson.TestOfAdvancedOperations)" time="0.006" classname="calculator_AndersHansson.calculator_AndersHansson.TestOfAdvancedOperations"/>
  <testcase name="testTanNegativeNumbers on testTanNegativeNumbers(calculator_AndersHansson.calculator_AndersHansson.TestOfAdvancedOperations)" time="0.006" classname="calculator_AndersHansson.calculator_AndersHansson.TestOfAdvancedOperations"/>
  <testcase name="testInversePositiveNumbers on testInversePositiveNumbers(calculator_AndersHansson.calculator_AndersHansson.TestOfAdvancedOperations)" time="0.009" classname="calculator_AndersHansson.calculator_AndersHansson.TestOfAdvancedOperations"/>
  <testcase name="testAdditionPositiveNumbers on testAdditionPositiveNumbers(calculator_AndersHansson.calculator_AndersHansson.TestOfBasicOperations)" time="0.007" classname="calculator_AndersHansson.calculator_AndersHansson.TestOfBasicOperations"/>
  <testcase name="testMultiplicationNegativeNumbers on testMultiplicationNegativeNumbers(calculator_AndersHansson.calculator_AndersHansson.TestOfBasicOperations)" time="0.005" classname="calculator_AndersHansson.calculator_AndersHansson.TestOfBasicOperations"/>
  <testcase name="testAdditionNegativeNumbers on testAdditionNegativeNumbers(calculator_AndersHansson.calculator_AndersHansson.TestOfBasicOperations)" time="0.004" classname="calculator_AndersHansson.calculator_AndersHansson.TestOfBasicOperations"/>
  <testcase name="testMultiplicationZerosNumbers on testMultiplicationZerosNumbers(calculator_AndersHansson.calculator_AndersHansson.TestOfBasicOperations)" time="0.008" classname="calculator_AndersHansson.calculator_AndersHansson.TestOfBasicOperations"/>
  <testcase name="testDivisionZerosNumbers on testDivisionZerosNumbers(calculator_AndersHansson.calculator_AndersHansson.TestOfBasicOperations)" time="0.009" classname="calculator_AndersHansson.calculator_AndersHansson.TestOfBasicOperations"/>
  <testcase name="testSubtractionPositiveNumbers on testSubtractionPositiveNumbers(calculator_AndersHansson.calculator_AndersHansson.TestOfBasicOperations)" time="0.004" classname="calculator_AndersHansson.calculator_AndersHansson.TestOfBasicOperations"/>
  <testcase name="testDivisionPositiveNumbers on testDivisionPositiveNumbers(calculator_AndersHansson.calculator_AndersHansson.TestOfBasicOperations)" time="0.004" classname="calculator_AndersHansson.calculator_AndersHansson.TestOfBasicOperations"/>
  <testcase name="testSubtractionNegativeNumbers on testSubtractionNegativeNumbers(calculator_AndersHansson.calculator_AndersHansson.TestOfBasicOperations)" time="0.004" classname="calculator_AndersHansson.calculator_AndersHansson.TestOfBasicOperations"/>
  <testcase name="testDivisionNegativeNumbers on testDivisionNegativeNumbers(calculator_AndersHansson.calculator_AndersHansson.TestOfBasicOperations)" time="0.005" classname="calculator_AndersHansson.calculator_AndersHansson.TestOfBasicOperations"/>
  <testcase name="testAdditionZerosNumbers on testAdditionZerosNumbers(calculator_AndersHansson.calculator_AndersHansson.TestOfBasicOperations)" time="0.009" classname="calculator_AndersHansson.calculator_AndersHansson.TestOfBasicOperations"/>
  <testcase name="testSubtractionZerosNumbers on testSubtractionZerosNumbers(calculator_AndersHansson.calculator_AndersHansson.TestOfBasicOperations)" time="0.011" classname="calculator_AndersHansson.calculator_AndersHansson.TestOfBasicOperations"/>
  <testcase name="testMultiplicationPositiveNumbers on testMultiplicationPositiveNumbers(calculator_AndersHansson.calculator_AndersHansson.TestOfBasicOperations)" time="0.005" classname="calculator_AndersHansson.calculator_AndersHansson.TestOfBasicOperations"/>
</testsuite> <!-- Surefire test -->
